<?xml version="1.0" encoding="UTF-8"?>
<!-- Generated by org.testng.reporters.JUnitXMLReporter -->
<testsuite hostname="Deepas-MacBook-Pro.local" name="Default test" tests="6" failures="0" timestamp="17 Aug 2019 01:51:29 GMT" time="6.564" errors="0">
  <testcase name="_testLaunchApp" time="0.675" classname="com.app.test.NewTest"/>
  <testcase name="_testSelectDropDown" time="1.403" classname="com.app.test.NewTest"/>
  <testcase name="_testSelectDropDownOption" time="1.412" classname="com.app.test.NewTest"/>
  <testcase name="_testSelectArmorBloxDropDown" time="0.915" classname="com.app.test.NewTest"/>
  <testcase name="_testClickSubmitBtn" time="0.067" classname="com.app.test.NewTest"/>
  <testcase name="_testValidateResultText" time="2.071" classname="com.app.test.NewTest"/>
</testsuite> <!-- Default test -->
