<?xml version="1.0" encoding="UTF-8"?>
<!-- Generated by org.testng.reporters.JUnitXMLReporter -->
<testsuite hostname="Deepas-MacBook-Pro.local" name="Default test" tests="11" failures="0" timestamp="26 Jul 2019 02:16:53 GMT" time="7.075" errors="0">
  <testcase name="fnApplication" time="1.04" classname="SeleniumTestProject.ValidateLoginPage"/>
  <testcase name="launchApi" time="0.781" classname="com.app.restFulltest.ValidateOpenRestApi"/>
  <testcase name="_test_PostApi" time="0.962" classname="com.app.restFulltest.ValidatePostResqest"/>
  <testcase name="fnValidateTitle" time="0.007" classname="SeleniumTestProject.ValidateLoginPage"/>
  <testcase name="fnClickWebELe" time="0.519" classname="SeleniumTestProject.ValidateLoginPage"/>
  <testcase name="listAllItems" time="0.157" classname="SeleniumTestProject.ValidateLoginPage"/>
  <testcase name="fnPerformActions" time="0.051" classname="SeleniumTestProject.ValidateLoginPage"/>
  <testcase name="fnclickCompareLink" time="0.492" classname="SeleniumTestProject.ValidateLoginPage"/>
  <testcase name="scrollToElement" time="0.074" classname="SeleniumTestProject.ValidateLoginPage"/>
  <testcase name="veryAndClick" time="0.844" classname="SeleniumTestProject.ValidateLoginPage"/>
  <testcase name="_testPutreq" time="0.511" classname="com.app.restFulltest.ValidatePutRequest"/>
</testsuite> <!-- Default test -->
