<?xml version="1.0" encoding="UTF-8"?>
<testng-results skipped="0" failed="0" total="1" passed="1">
  <reporter-output>
  </reporter-output>
  <suite name="Default suite" duration-ms="2225" started-at="2019-07-25T23:37:39Z" finished-at="2019-07-25T23:37:42Z">
    <groups>
    </groups>
    <test name="Default test" duration-ms="2225" started-at="2019-07-25T23:37:39Z" finished-at="2019-07-25T23:37:42Z">
      <class name="com.app.restFulltest.ValidatePostResqest">
        <test-method status="PASS" signature="setUp()[pri:0, instance:com.app.restFulltest.ValidatePostResqest@4b9e13df]" name="setUp" is-config="true" duration-ms="372" started-at="2019-07-25T16:37:39Z" finished-at="2019-07-25T16:37:40Z">
          <reporter-output>
          </reporter-output>
        </test-method> <!-- setUp -->
        <test-method status="PASS" signature="_test_PostApi()[pri:0, instance:com.app.restFulltest.ValidatePostResqest@4b9e13df]" name="_test_PostApi" duration-ms="1842" started-at="2019-07-25T16:37:40Z" finished-at="2019-07-25T16:37:42Z">
          <reporter-output>
          </reporter-output>
        </test-method> <!-- _test_PostApi -->
      </class> <!-- com.app.restFulltest.ValidatePostResqest -->
    </test> <!-- Default test -->
  </suite> <!-- Default suite -->
</testng-results>
