<?xml version="1.0" encoding="UTF-8"?>
<testng-results skipped="0" failed="0" total="8" passed="8">
  <reporter-output>
  </reporter-output>
  <suite name="Default suite" duration-ms="7066" started-at="2019-07-26T02:39:07Z" finished-at="2019-07-26T02:39:14Z">
    <groups>
    </groups>
    <test name="Default test" duration-ms="7066" started-at="2019-07-26T02:39:07Z" finished-at="2019-07-26T02:39:14Z">
      <class name="SeleniumTestProject.ValidateLoginPage">
        <test-method status="PASS" signature="fnSetDeriver()[pri:0, instance:SeleniumTestProject.ValidateLoginPage@4501b7af]" name="fnSetDeriver" is-config="true" duration-ms="1173" started-at="2019-07-25T19:39:07Z" finished-at="2019-07-25T19:39:08Z">
          <reporter-output>
          </reporter-output>
        </test-method> <!-- fnSetDeriver -->
        <test-method status="PASS" signature="fnApplication()[pri:0, instance:SeleniumTestProject.ValidateLoginPage@4501b7af]" name="fnApplication" duration-ms="1447" started-at="2019-07-25T19:39:08Z" finished-at="2019-07-25T19:39:10Z">
          <reporter-output>
          </reporter-output>
        </test-method> <!-- fnApplication -->
        <test-method status="PASS" signature="fnValidateTitle()[pri:0, instance:SeleniumTestProject.ValidateLoginPage@4501b7af]" name="fnValidateTitle" duration-ms="12" started-at="2019-07-25T19:39:10Z" finished-at="2019-07-25T19:39:10Z">
          <reporter-output>
          </reporter-output>
        </test-method> <!-- fnValidateTitle -->
        <test-method status="PASS" signature="fnClickWebELe()[pri:0, instance:SeleniumTestProject.ValidateLoginPage@4501b7af]" name="fnClickWebELe" duration-ms="868" started-at="2019-07-25T19:39:10Z" finished-at="2019-07-25T19:39:10Z">
          <reporter-output>
          </reporter-output>
        </test-method> <!-- fnClickWebELe -->
        <test-method status="PASS" signature="listAllItems()[pri:0, instance:SeleniumTestProject.ValidateLoginPage@4501b7af]" name="listAllItems" duration-ms="155" started-at="2019-07-25T19:39:10Z" finished-at="2019-07-25T19:39:11Z">
          <reporter-output>
          </reporter-output>
        </test-method> <!-- listAllItems -->
        <test-method status="PASS" signature="fnPerformActions()[pri:0, instance:SeleniumTestProject.ValidateLoginPage@4501b7af]" name="fnPerformActions" duration-ms="53" started-at="2019-07-25T19:39:11Z" finished-at="2019-07-25T19:39:11Z">
          <reporter-output>
          </reporter-output>
        </test-method> <!-- fnPerformActions -->
        <test-method status="PASS" signature="fnclickCompareLink()[pri:0, instance:SeleniumTestProject.ValidateLoginPage@4501b7af]" name="fnclickCompareLink" duration-ms="736" started-at="2019-07-25T19:39:11Z" finished-at="2019-07-25T19:39:11Z">
          <reporter-output>
          </reporter-output>
        </test-method> <!-- fnclickCompareLink -->
        <test-method status="PASS" signature="scrollToElement()[pri:0, instance:SeleniumTestProject.ValidateLoginPage@4501b7af]" name="scrollToElement" duration-ms="76" started-at="2019-07-25T19:39:11Z" finished-at="2019-07-25T19:39:11Z">
          <reporter-output>
          </reporter-output>
        </test-method> <!-- scrollToElement -->
        <test-method status="PASS" signature="veryAndClick()[pri:0, instance:SeleniumTestProject.ValidateLoginPage@4501b7af]" name="veryAndClick" duration-ms="2468" started-at="2019-07-25T19:39:11Z" finished-at="2019-07-25T19:39:14Z">
          <reporter-output>
          </reporter-output>
        </test-method> <!-- veryAndClick -->
        <test-method status="PASS" signature="fnTerminateDriver()[pri:0, instance:SeleniumTestProject.ValidateLoginPage@4501b7af]" name="fnTerminateDriver" is-config="true" duration-ms="61" started-at="2019-07-25T19:39:14Z" finished-at="2019-07-25T19:39:14Z">
          <reporter-output>
          </reporter-output>
        </test-method> <!-- fnTerminateDriver -->
      </class> <!-- SeleniumTestProject.ValidateLoginPage -->
    </test> <!-- Default test -->
  </suite> <!-- Default suite -->
</testng-results>
